フェッチ が HEAD "<URL>" の読み込みを終了しました。
フェッチ が HEAD "<URL>" の読み込みを終了しました。
フェッチ が HEAD "<URL>" の読み込みを終了しました。
フェッチ が HEAD "<URL>" の読み込みを終了しました。
フェッチ が HEAD "<URL>" の読み込みを終了しました。
background.js:7 フェッチ が HEAD "http://www.arnebrachhold.de/" の読み込みを終了しました。
（匿名） @ background.js:7
background.js:7 フェッチ が HEAD "http://www.w3.org/2001/XMLSchema-instance" の読み込みを終了しました。
（匿名） @ background.js:7
background.js:7 フェッチ が HEAD "http://www.sitemaps.org/schemas/sitemap/0.9/sitemap.xsd" の読み込みを終了しました。
（匿名） @ background.js:7
background.js:7 フェッチ が HEAD "http://www.sitemaps.org/schemas/sitemap/0.9" の読み込みを終了しました。
（匿名） @ background.js:7
background.js:7 フェッチ が HEAD "https://www.sitemaps.org/schemas/sitemap/0.9" の読み込みを終了しました。
（匿名） @ background.js:7
フェッチ が HEAD "<URL>" の読み込みに失敗しました。
フェッチ が HEAD "<URL>" の読み込みに失敗しました。
フェッチ が HEAD "<URL>" の読み込みに失敗しました。
フェッチ が HEAD "<URL>" の読み込みに失敗しました。
フェッチ が HEAD "<URL>" の読み込みに失敗しました。
フェッチ が HEAD "<URL>" の読み込みに失敗しました。
background.js:7 フェッチ が HEAD "https://www.w3.org/2001/XMLSchema-instance" の読み込みに失敗しました。
（匿名） @ background.js:7
background.js:7 フェッチ が HEAD "https://haru.223n.tech/archives/author/223n223n-tech" の読み込みに失敗しました。
（匿名） @ background.js:7
background.js:7 フェッチ が HEAD "https://haru.223n.tech/wp-content/plugins/google-sitemap-generator/sitemap.xsl" の読み込みに失敗しました。
（匿名） @ background.js:7
background.js:7 フェッチ が HEAD "https://www.arnebrachhold.de/" の読み込みに失敗しました。
（匿名） @ background.js:7
background.js:7 フェッチ が HEAD "https://www.sitemaps.org/schemas/sitemap/0.9/sitemap.xsd" の読み込みに失敗しました。
（匿名） @ background.js:7
background.js:7 フェッチ が HEAD "https://www.sitemaps.org/schemas/sitemap/0.9/" の読み込みに失敗しました。
（匿名） @ background.js:7
